[16:38:54] [Server thread/INFO]: Stopping the server
[16:38:54] [Server thread/INFO]: Stopping server
[16:38:54] [Server thread/INFO]: [CoreProtect] Disabling CoreProtect v22.2
[16:38:54] [Server thread/INFO]: [CoreProtect] Finishing up data logging. Please wait...
[16:38:55] [Server thread/INFO]: [CoreProtect] Success! Disabled CoreProtect v22.2
[16:38:55] [Server thread/INFO]: [Geyser-Spigot] Disabling Geyser-Spigot v2.2.0-SNAPSHOT
[16:38:55] [Server thread/INFO]: [Geyser-Spigot] Shutting down Geyser.
[16:38:55] [Server thread/INFO]: [Geyser-Spigot] Geyser shutdown successfully.
[16:38:55] [Server thread/INFO]: Saving players
[16:38:55] [Server thread/INFO]: Saving worlds
[16:38:55] [Server thread/INFO]: Saving chunks for level 'ServerLevel[world]'/minecraft:overworld
[16:38:55] [Server thread/INFO]: [ChunkHolderManager] Waiting 60s for chunk system to halt for world 'world'
[16:38:55] [Server thread/INFO]: [ChunkHolderManager] Halted chunk system for world 'world'
[16:38:55] [Server thread/INFO]: [ChunkHolderManager] Saving all chunkholders for world 'world'
[16:38:55] [Server thread/INFO]: [ChunkHolderManager] Saved 0 block chunks, 96 entity chunks, 0 poi chunks in world 'world' in 0.02s
[16:38:55] [Server thread/INFO]: ThreadedAnvilChunkStorage (world): All chunks are saved
[16:38:55] [Server thread/INFO]: Saving chunks for level 'ServerLevel[world_nether]'/minecraft:the_nether
[16:38:55] [Server thread/INFO]: [ChunkHolderManager] Waiting 60s for chunk system to halt for world 'world_nether'
[16:38:55] [Server thread/INFO]: [ChunkHolderManager] Halted chunk system for world 'world_nether'
[16:38:55] [Server thread/INFO]: [ChunkHolderManager] Saving all chunkholders for world 'world_nether'
[16:38:55] [Server thread/INFO]: [ChunkHolderManager] Saved 0 block chunks, 21 entity chunks, 0 poi chunks in world 'world_nether' in 0.00s
[16:38:55] [Server thread/INFO]: ThreadedAnvilChunkStorage (DIM-1): All chunks are saved
[16:38:55] [Server thread/INFO]: Saving chunks for level 'ServerLevel[world_the_end]'/minecraft:the_end
[16:38:55] [Server thread/INFO]: [ChunkHolderManager] Waiting 60s for chunk system to halt for world 'world_the_end'
[16:38:55] [Server thread/INFO]: [ChunkHolderManager] Halted chunk system for world 'world_the_end'
[16:38:55] [Server thread/INFO]: [ChunkHolderManager] Saving all chunkholders for world 'world_the_end'
[16:38:55] [Server thread/INFO]: [ChunkHolderManager] Saved 10 block chunks, 10 entity chunks, 0 poi chunks in world 'world_the_end' in 0.01s
[16:38:55] [Server thread/INFO]: ThreadedAnvilChunkStorage (DIM1): All chunks are saved
[16:38:55] [Server thread/INFO]: ThreadedAnvilChunkStorage: All dimensions are saved
[16:38:55] [Server thread/INFO]: Flushing Chunk IO
[16:38:55] [Server thread/INFO]: Closing Thread Pool
[16:38:55] [Server thread/INFO]: Closing Server
